23:29:36.593 [main] DEBUG tests.LogGeneration2 - Browser got lounched
23:29:37.395 [main] DEBUG tests.LogGeneration2 - Navigate to application Url
23:29:37.555 [main] DEBUG tests.LogGeneration2 - Clicked on My account dropdown
23:29:38.013 [main] DEBUG tests.LogGeneration2 - Clicked on login option
23:29:38.253 [main] DEBUG tests.LogGeneration2 - Email addressed got entered
23:29:38.382 [main] DEBUG tests.LogGeneration2 - Password got entered
23:29:38.741 [main] DEBUG tests.LogGeneration2 - Click on login button
23:29:38.837 [main] DEBUG tests.LogGeneration2 - User got logged in
23:29:38.837 [main] INFO  tests.LogGeneration2 - Login Test got passed
23:29:39.045 [main] DEBUG tests.LogGeneration2 - Browser got closed
23:29:40.841 [main] DEBUG tests.LogGeneration2 - Browser got lounched
23:29:41.564 [main] DEBUG tests.LogGeneration2 - Navigate to application Url
23:29:41.658 [main] DEBUG tests.LogGeneration2 - Clicked on My account dropdown
23:29:42.122 [main] DEBUG tests.LogGeneration2 - Clicked on login option
23:29:42.373 [main] DEBUG tests.LogGeneration2 - Email addressed got entered
23:29:42.500 [main] DEBUG tests.LogGeneration2 - Password got entered
23:29:42.757 [main] DEBUG tests.LogGeneration2 - Click on login button
23:29:52.811 [main] DEBUG tests.LogGeneration2 - User didn't log in
23:29:52.812 [main] INFO  tests.LogGeneration2 - Login Test got passed
23:29:52.997 [main] DEBUG tests.LogGeneration2 - Browser got closed
14:37:31.642 [TestNG-tests-4] DEBUG tests.LogGeneration2 - Browser got lounched
14:37:38.665 [TestNG-tests-4] DEBUG tests.LogGeneration2 - Navigate to application Url
14:37:39.419 [TestNG-tests-4] DEBUG tests.LogGeneration2 - Clicked on My account dropdown
14:37:41.109 [TestNG-tests-4] DEBUG tests.LogGeneration2 - Clicked on login option
14:37:57.100 [TestNG-tests-4] DEBUG tests.LogGeneration2 - Email addressed got entered
14:37:57.468 [TestNG-tests-4] DEBUG tests.LogGeneration2 - Password got entered
14:37:59.315 [TestNG-tests-4] DEBUG tests.LogGeneration2 - Click on login button
14:37:59.544 [TestNG-tests-4] DEBUG tests.LogGeneration2 - User got logged in
14:37:59.544 [TestNG-tests-4] INFO  tests.LogGeneration2 - Login Test got passed
14:38:04.413 [TestNG-tests-4] DEBUG tests.LogGeneration2 - Browser got closed
14:38:07.842 [TestNG-tests-4] DEBUG tests.LogGeneration2 - Browser got lounched
14:38:10.960 [TestNG-tests-4] DEBUG tests.LogGeneration2 - Navigate to application Url
14:38:11.070 [TestNG-tests-4] DEBUG tests.LogGeneration2 - Clicked on My account dropdown
14:38:11.764 [TestNG-tests-4] DEBUG tests.LogGeneration2 - Clicked on login option
14:38:11.951 [TestNG-tests-4] DEBUG tests.LogGeneration2 - Email addressed got entered
14:38:12.127 [TestNG-tests-4] DEBUG tests.LogGeneration2 - Password got entered
14:38:12.653 [TestNG-tests-4] DEBUG tests.LogGeneration2 - Click on login button
14:38:22.760 [TestNG-tests-4] DEBUG tests.LogGeneration2 - User didn't log in
14:38:22.760 [TestNG-tests-4] INFO  tests.LogGeneration2 - Login Test got passed
14:38:22.964 [TestNG-tests-4] DEBUG tests.LogGeneration2 - Browser got closed
16:57:08.122 [main] DEBUG tests.LogGeneration2 - Browser got lounched
16:57:09.150 [main] DEBUG tests.LogGeneration2 - Navigate to application Url
16:57:09.252 [main] DEBUG tests.LogGeneration2 - Clicked on My account dropdown
16:57:09.704 [main] DEBUG tests.LogGeneration2 - Clicked on login option
16:57:10.035 [main] DEBUG tests.LogGeneration2 - Email addressed got entered
16:57:10.159 [main] DEBUG tests.LogGeneration2 - Password got entered
16:57:10.652 [main] DEBUG tests.LogGeneration2 - Click on login button
16:57:10.737 [main] DEBUG tests.LogGeneration2 - User got logged in
16:57:10.737 [main] INFO  tests.LogGeneration2 - Login Test got passed
16:57:10.889 [main] DEBUG tests.LogGeneration2 - Browser got closed
16:57:12.710 [main] DEBUG tests.LogGeneration2 - Browser got lounched
16:57:13.496 [main] DEBUG tests.LogGeneration2 - Navigate to application Url
16:57:13.601 [main] DEBUG tests.LogGeneration2 - Clicked on My account dropdown
16:57:14.059 [main] DEBUG tests.LogGeneration2 - Clicked on login option
16:57:14.362 [main] DEBUG tests.LogGeneration2 - Email addressed got entered
16:57:14.474 [main] DEBUG tests.LogGeneration2 - Password got entered
16:57:14.781 [main] DEBUG tests.LogGeneration2 - Click on login button
16:57:24.871 [main] DEBUG tests.LogGeneration2 - User didn't log in
16:57:24.871 [main] INFO  tests.LogGeneration2 - Login Test got passed
16:57:25.182 [main] DEBUG tests.LogGeneration2 - Browser got closed
17:02:15.513 [main] DEBUG tests.LogGeneration2 - Browser got lounched
17:02:16.332 [main] DEBUG tests.LogGeneration2 - Navigate to application Url
17:02:16.440 [main] DEBUG tests.LogGeneration2 - Clicked on My account dropdown
17:02:16.859 [main] DEBUG tests.LogGeneration2 - Clicked on login option
17:02:17.784 [main] DEBUG tests.LogGeneration2 - Email addressed got entered
17:02:17.915 [main] DEBUG tests.LogGeneration2 - Password got entered
17:02:18.386 [main] DEBUG tests.LogGeneration2 - Click on login button
17:02:18.480 [main] DEBUG tests.LogGeneration2 - User got logged in
17:02:18.480 [main] INFO  tests.LogGeneration2 - Login Test got passed
17:02:18.646 [main] DEBUG tests.LogGeneration2 - Browser got closed
17:02:22.450 [main] DEBUG tests.LogGeneration2 - Browser got lounched
17:02:23.261 [main] DEBUG tests.LogGeneration2 - Navigate to application Url
17:02:23.353 [main] DEBUG tests.LogGeneration2 - Clicked on My account dropdown
17:02:23.768 [main] DEBUG tests.LogGeneration2 - Clicked on login option
17:02:24.454 [main] DEBUG tests.LogGeneration2 - Email addressed got entered
17:02:24.576 [main] DEBUG tests.LogGeneration2 - Password got entered
17:02:24.932 [main] DEBUG tests.LogGeneration2 - Click on login button
17:02:34.996 [main] DEBUG tests.LogGeneration2 - User didn't log in
17:02:34.996 [main] INFO  tests.LogGeneration2 - Login Test got passed
17:02:35.180 [main] DEBUG tests.LogGeneration2 - Browser got closed
17:41:56.822 [TestNG-tests-4] DEBUG tests.LogGeneration2 - Browser got lounched
17:42:01.562 [TestNG-tests-4] DEBUG tests.LogGeneration2 - Navigate to application Url
17:42:01.904 [TestNG-tests-4] DEBUG tests.LogGeneration2 - Clicked on My account dropdown
17:42:02.675 [TestNG-tests-4] DEBUG tests.LogGeneration2 - Clicked on login option
17:42:22.542 [TestNG-tests-4] DEBUG tests.LogGeneration2 - Email addressed got entered
17:42:22.927 [TestNG-tests-4] DEBUG tests.LogGeneration2 - Password got entered
17:42:23.969 [TestNG-tests-4] DEBUG tests.LogGeneration2 - Click on login button
17:42:24.078 [TestNG-tests-4] DEBUG tests.LogGeneration2 - User got logged in
17:42:24.078 [TestNG-tests-4] INFO  tests.LogGeneration2 - Login Test got passed
17:42:24.339 [TestNG-tests-4] DEBUG tests.LogGeneration2 - Browser got closed
17:42:26.899 [TestNG-tests-4] DEBUG tests.LogGeneration2 - Browser got lounched
17:42:30.317 [TestNG-tests-4] DEBUG tests.LogGeneration2 - Navigate to application Url
17:42:30.470 [TestNG-tests-4] DEBUG tests.LogGeneration2 - Clicked on My account dropdown
17:42:31.027 [TestNG-tests-4] DEBUG tests.LogGeneration2 - Clicked on login option
17:42:33.355 [TestNG-tests-4] DEBUG tests.LogGeneration2 - Email addressed got entered
17:42:33.471 [TestNG-tests-4] DEBUG tests.LogGeneration2 - Password got entered
17:42:33.828 [TestNG-tests-4] DEBUG tests.LogGeneration2 - Click on login button
17:42:43.889 [TestNG-tests-4] DEBUG tests.LogGeneration2 - User didn't log in
17:42:43.889 [TestNG-tests-4] INFO  tests.LogGeneration2 - Login Test got passed
17:42:44.044 [TestNG-tests-4] DEBUG tests.LogGeneration2 - Browser got closed
17:58:41.702 [main] DEBUG tests.LogGeneration2 - Browser got lounched
17:58:43.631 [main] DEBUG tests.LogGeneration2 - Navigate to application Url
17:58:43.745 [main] DEBUG tests.LogGeneration2 - Clicked on My account dropdown
17:58:44.253 [main] DEBUG tests.LogGeneration2 - Clicked on login option
17:58:44.411 [main] DEBUG tests.LogGeneration2 - Email addressed got entered
17:58:44.527 [main] DEBUG tests.LogGeneration2 - Password got entered
17:58:45.017 [main] DEBUG tests.LogGeneration2 - Click on login button
17:58:45.084 [main] DEBUG tests.LogGeneration2 - User got logged in
17:58:45.084 [main] INFO  tests.LogGeneration2 - Login Test got passed
17:58:45.208 [main] DEBUG tests.LogGeneration2 - Browser got closed
17:58:47.878 [main] DEBUG tests.LogGeneration2 - Browser got lounched
17:58:49.140 [main] DEBUG tests.LogGeneration2 - Navigate to application Url
17:58:49.226 [main] DEBUG tests.LogGeneration2 - Clicked on My account dropdown
17:58:49.679 [main] DEBUG tests.LogGeneration2 - Clicked on login option
17:58:49.966 [main] DEBUG tests.LogGeneration2 - Email addressed got entered
17:58:50.086 [main] DEBUG tests.LogGeneration2 - Password got entered
17:58:50.426 [main] DEBUG tests.LogGeneration2 - Click on login button
17:59:00.480 [main] DEBUG tests.LogGeneration2 - User didn't log in
17:59:00.480 [main] INFO  tests.LogGeneration2 - Login Test got passed
17:59:00.722 [main] DEBUG tests.LogGeneration2 - Browser got closed
13:27:02.169 [main] DEBUG tests.LogGeneration2 - Browser got lounched
13:27:03.017 [main] DEBUG tests.LogGeneration2 - Navigate to application Url
13:27:03.109 [main] DEBUG tests.LogGeneration2 - Clicked on My account dropdown
13:27:03.538 [main] DEBUG tests.LogGeneration2 - Clicked on login option
13:27:03.774 [main] DEBUG tests.LogGeneration2 - Email addressed got entered
13:27:03.906 [main] DEBUG tests.LogGeneration2 - Password got entered
13:27:04.321 [main] DEBUG tests.LogGeneration2 - Click on login button
13:27:04.404 [main] DEBUG tests.LogGeneration2 - User got logged in
13:27:04.404 [main] INFO  tests.LogGeneration2 - Login Test got passed
13:27:04.695 [main] DEBUG tests.LogGeneration2 - Browser got closed
13:27:06.170 [main] DEBUG tests.LogGeneration2 - Browser got lounched
